<?xml version="1.0" encoding="UTF-8"?>
<!-- Generated by org.testng.reporters.JUnitXMLReporter -->
<testsuite ignored="0" hostname="KUSHAL" failures="0" tests="10" name="Build1.1Results" time="52.253" errors="0" timestamp="2021-02-26T07:16:23 EST">
  <testcase classname="testNG.FB" name="f" time="23.549"/>
  <testcase classname="testNG.AnnotaionsOne" name="a" time="0.002"/>
  <testcase classname="testNG.AnnotaionsOne" name="f" time="0.004"/>
  <testcase classname="testNG.AnnotaionsOne" name="p" time="0.002"/>
  <testcase classname="testNG.FB_Retesting" name="retest" time="9.686"/>
  <testcase classname="testNG.FB_Retesting" name="retest" time="9.468"/>
  <testcase classname="testNG.FB_Retesting" name="retest" time="9.388"/>
  <testcase classname="testNG.AnnotationsTwo" name="f" time="0.002"/>
  <testcase classname="testNG.AnnotationsTwo" name="r" time="0.002"/>
  <testcase classname="testNG.AnnotationsTwo" name="u" time="0.003"/>
</testsuite> <!-- Build1.1Results -->
