<?xml version="1.0" encoding="UTF-8"?>
<!-- Generated by org.testng.reporters.JUnitXMLReporter -->
<testsuite ignored="0" hostname="KUSHAL" failures="0" tests="3" name="Build1.0Results(failed)" time="26.986" errors="0" timestamp="2021-02-26T07:13:08 EST">
  <testcase classname="testNG.FB_Retesting" name="retest" time="9.913"/>
  <testcase classname="testNG.FB_Retesting" name="retest" time="8.266"/>
  <testcase classname="testNG.FB_Retesting" name="retest" time="8.733"/>
</testsuite> <!-- Build1.0Results(failed) -->
