<?xml version="1.0" encoding="UTF-8"?>
<testng-results ignored="0" total="3" passed="3" failed="0" skipped="0">
  <reporter-output>
  </reporter-output>
  <suite started-at="2021-02-26T07:35:42 EST" name="CBT_Suite" finished-at="2021-02-26T07:36:15 EST" duration-ms="33074">
    <groups>
    </groups>
    <test started-at="2021-02-26T07:35:42 EST" name="ChromeTestResults" finished-at="2021-02-26T07:35:47 EST" duration-ms="5448">
      <class name="testNG.FB_CrossBrowserTesting">
        <test-method is-config="true" signature="beforeClass(java.lang.String)[pri:0, instance:testNG.FB_CrossBrowserTesting@57250572]" started-at="2021-02-26T07:35:42 EST" name="beforeClass" finished-at="2021-02-26T07:35:45 EST" duration-ms="2839" status="PASS">
          <params>
            <param index="0">
              <value>
                <![CDATA[Chrome]]>
              </value>
            </param>
          </params>
          <reporter-output>
          </reporter-output>
        </test-method> <!-- beforeClass -->
        <test-method signature="login()[pri:0, instance:testNG.FB_CrossBrowserTesting@57250572]" started-at="2021-02-26T07:35:45 EST" name="login" finished-at="2021-02-26T07:35:47 EST" duration-ms="2562" status="PASS">
          <reporter-output>
          </reporter-output>
        </test-method> <!-- login -->
      </class> <!-- testNG.FB_CrossBrowserTesting -->
    </test> <!-- ChromeTestResults -->
    <test started-at="2021-02-26T07:35:47 EST" name="EdgeTestResults" finished-at="2021-02-26T07:35:56 EST" duration-ms="8471">
      <class name="testNG.FB_CrossBrowserTesting">
        <test-method is-config="true" signature="beforeClass(java.lang.String)[pri:0, instance:testNG.FB_CrossBrowserTesting@36d585c]" started-at="2021-02-26T07:35:47 EST" name="beforeClass" finished-at="2021-02-26T07:35:51 EST" duration-ms="3904" status="PASS">
          <params>
            <param index="0">
              <value>
                <![CDATA[edge]]>
              </value>
            </param>
          </params>
          <reporter-output>
          </reporter-output>
        </test-method> <!-- beforeClass -->
        <test-method signature="login()[pri:0, instance:testNG.FB_CrossBrowserTesting@36d585c]" started-at="2021-02-26T07:35:51 EST" name="login" finished-at="2021-02-26T07:35:56 EST" duration-ms="4564" status="PASS">
          <reporter-output>
          </reporter-output>
        </test-method> <!-- login -->
      </class> <!-- testNG.FB_CrossBrowserTesting -->
    </test> <!-- EdgeTestResults -->
    <test started-at="2021-02-26T07:35:56 EST" name="FirefoxTestResults" finished-at="2021-02-26T07:36:15 EST" duration-ms="19049">
      <class name="testNG.FB_CrossBrowserTesting">
        <test-method is-config="true" signature="beforeClass(java.lang.String)[pri:0, instance:testNG.FB_CrossBrowserTesting@1356d4d4]" started-at="2021-02-26T07:35:56 EST" name="beforeClass" finished-at="2021-02-26T07:36:07 EST" duration-ms="10909" status="PASS">
          <params>
            <param index="0">
              <value>
                <![CDATA[Firefox]]>
              </value>
            </param>
          </params>
          <reporter-output>
          </reporter-output>
        </test-method> <!-- beforeClass -->
        <test-method signature="login()[pri:0, instance:testNG.FB_CrossBrowserTesting@1356d4d4]" started-at="2021-02-26T07:36:07 EST" name="login" finished-at="2021-02-26T07:36:15 EST" duration-ms="8137" status="PASS">
          <reporter-output>
          </reporter-output>
        </test-method> <!-- login -->
      </class> <!-- testNG.FB_CrossBrowserTesting -->
    </test> <!-- FirefoxTestResults -->
  </suite> <!-- CBT_Suite -->
</testng-results>
